
2025/03/24 (04:51:32) | ===> btop++ v.1.4.0
2025/03/24 (04:51:32) | WARNING: Intel GPU: Failed to initialize PMU
2025/03/24 (04:51:42) | ERROR: Couldn't determine terminal size of "STDOUT_FILENO"!
2025/03/24 (04:51:42) | ERROR: Couldn't determine terminal size of "/dev/tty"!

2025/03/24 (14:32:18) | ===> btop++ v.1.4.0
2025/03/24 (14:32:18) | WARNING: Intel GPU: Failed to initialize PMU

2025/03/24 (16:24:29) | ===> btop++ v.1.4.0
2025/03/24 (16:24:29) | WARNING: Intel GPU: Failed to initialize PMU

2025/03/24 (16:29:45) | ===> btop++ v.1.4.0
2025/03/24 (16:29:45) | WARNING: Intel GPU: Failed to initialize PMU

2025/03/25 (17:53:52) | ===> btop++ v.1.4.0
2025/03/25 (17:53:52) | WARNING: Intel GPU: Failed to initialize PMU

2025/03/25 (18:19:46) | ===> btop++ v.1.4.0
2025/03/25 (18:19:46) | WARNING: Intel GPU: Failed to initialize PMU

2025/03/27 (00:08:30) | ===> btop++ v.1.4.0
2025/03/27 (00:08:30) | WARNING: Intel GPU: Failed to initialize PMU

2025/03/27 (01:36:26) | ===> btop++ v.1.4.0
2025/03/27 (01:36:26) | WARNING: Intel GPU: Failed to initialize PMU

2025/03/27 (01:52:58) | ===> btop++ v.1.4.0
2025/03/27 (01:52:58) | WARNING: Intel GPU: Failed to initialize PMU

2025/03/27 (01:55:04) | ===> btop++ v.1.4.0
2025/03/27 (01:55:04) | WARNING: Intel GPU: Failed to initialize PMU

2025/03/27 (01:58:45) | ===> btop++ v.1.4.0
2025/03/27 (01:58:45) | WARNING: Intel GPU: Failed to initialize PMU

2025/03/27 (02:10:50) | ===> btop++ v.1.4.0
2025/03/27 (02:10:50) | WARNING: Intel GPU: Failed to initialize PMU

2025/03/27 (11:29:14) | ===> btop++ v.1.4.0
2025/03/27 (11:29:14) | WARNING: Intel GPU: Failed to initialize PMU

2025/03/28 (09:48:49) | ===> btop++ v.1.4.0
2025/03/28 (09:48:49) | ERROR: No tty detected!
btop++ needs an interactive shell to run.

2025/03/28 (09:48:55) | ===> btop++ v.1.4.0
2025/03/28 (09:48:55) | WARNING: Intel GPU: Failed to initialize PMU

2025/03/29 (17:10:39) | ===> btop++ v.1.4.0
2025/03/29 (17:10:39) | WARNING: Intel GPU: Failed to initialize PMU

2025/03/29 (23:20:16) | ===> btop++ v.1.4.0
2025/03/29 (23:20:16) | WARNING: Intel GPU: Failed to initialize PMU

2025/03/29 (23:20:28) | ===> btop++ v.1.4.0
2025/03/29 (23:20:28) | WARNING: Intel GPU: Failed to initialize PMU

2025/03/29 (23:29:54) | ===> btop++ v.1.4.0
2025/03/29 (23:29:54) | WARNING: Intel GPU: Failed to initialize PMU

2025/03/29 (23:34:47) | ===> btop++ v.1.4.0
2025/03/29 (23:34:47) | WARNING: Intel GPU: Failed to initialize PMU

2025/03/30 (00:26:53) | ===> btop++ v.1.4.0
2025/03/30 (00:26:53) | WARNING: Intel GPU: Failed to initialize PMU

2025/03/31 (20:03:19) | ===> btop++ v.1.4.0
2025/03/31 (20:03:19) | WARNING: Intel GPU: Failed to initialize PMU

2025/03/31 (20:49:33) | ===> btop++ v.1.4.0
2025/03/31 (20:49:33) | ERROR: No tty detected!
btop++ needs an interactive shell to run.

2025/03/31 (20:49:36) | ===> btop++ v.1.4.0
2025/03/31 (20:49:36) | WARNING: Intel GPU: Failed to initialize PMU

2025/03/31 (22:01:13) | ===> btop++ v.1.4.0
2025/03/31 (22:01:13) | WARNING: Intel GPU: Failed to initialize PMU

2025/04/01 (15:20:16) | ===> btop++ v.1.4.0
2025/04/01 (15:20:16) | WARNING: Intel GPU: Failed to initialize PMU

2025/04/02 (21:30:14) | ===> btop++ v.1.4.0
2025/04/02 (21:30:14) | WARNING: Intel GPU: Failed to initialize PMU

2025/04/04 (00:16:54) | ===> btop++ v.1.4.0
2025/04/04 (00:16:54) | WARNING: Intel GPU: Failed to initialize PMU

2025/04/04 (03:54:33) | ===> btop++ v.1.4.0
2025/04/04 (03:54:33) | WARNING: Intel GPU: Failed to initialize PMU

2025/04/05 (18:50:02) | ===> btop++ v.1.4.0
2025/04/05 (18:50:02) | WARNING: Intel GPU: Failed to initialize PMU

2025/04/05 (19:42:05) | ===> btop++ v.1.4.0
2025/04/05 (19:42:05) | WARNING: Intel GPU: Failed to initialize PMU

2025/04/05 (20:31:17) | ===> btop++ v.1.4.0
2025/04/05 (20:31:17) | WARNING: Intel GPU: Failed to initialize PMU

2025/04/07 (17:39:10) | ===> btop++ v.1.4.0
2025/04/07 (17:39:10) | WARNING: Intel GPU: Failed to initialize PMU

2025/04/07 (18:55:02) | ===> btop++ v.1.4.0
2025/04/07 (18:55:02) | WARNING: Intel GPU: Failed to initialize PMU

2025/04/07 (19:29:48) | ===> btop++ v.1.4.0
2025/04/07 (19:29:48) | WARNING: Intel GPU: Failed to initialize PMU

2025/04/07 (19:41:17) | ===> btop++ v.1.4.0
2025/04/07 (19:41:17) | WARNING: Intel GPU: Failed to initialize PMU

2025/04/07 (20:47:16) | ===> btop++ v.1.4.0
2025/04/07 (20:47:16) | WARNING: Intel GPU: Failed to initialize PMU

2025/04/08 (09:56:59) | ===> btop++ v.1.4.0
2025/04/08 (09:56:59) | WARNING: Intel GPU: Failed to initialize PMU

2025/04/08 (22:12:07) | ===> btop++ v.1.4.0
2025/04/08 (22:12:07) | WARNING: Intel GPU: Failed to initialize PMU

2025/04/09 (16:53:52) | ===> btop++ v.1.4.0
2025/04/09 (16:53:52) | WARNING: Intel GPU: Failed to initialize PMU

2025/04/09 (19:27:03) | ===> btop++ v.1.4.0
2025/04/09 (19:27:03) | WARNING: Intel GPU: Failed to initialize PMU

2025/04/09 (19:45:25) | ===> btop++ v.1.4.0
2025/04/09 (19:45:25) | WARNING: Intel GPU: Failed to initialize PMU

2025/04/09 (22:53:58) | ===> btop++ v.1.4.0
2025/04/09 (22:53:58) | WARNING: Intel GPU: Failed to initialize PMU

2025/04/09 (23:11:03) | ===> btop++ v.1.4.0
2025/04/09 (23:11:03) | WARNING: Intel GPU: Failed to initialize PMU

2025/04/11 (21:37:28) | ===> btop++ v.1.4.0
2025/04/11 (21:37:28) | WARNING: Intel GPU: Failed to initialize PMU

2025/04/11 (21:37:40) | ===> btop++ v.1.4.0
2025/04/11 (21:37:40) | WARNING: Intel GPU: Failed to initialize PMU

2025/04/11 (21:37:52) | ===> btop++ v.1.4.0
2025/04/11 (21:37:52) | WARNING: Intel GPU: Failed to initialize PMU

2025/04/11 (21:38:01) | ===> btop++ v.1.4.0
2025/04/11 (21:38:01) | WARNING: Intel GPU: Failed to initialize PMU

2025/04/11 (21:38:13) | ===> btop++ v.1.4.0
2025/04/11 (21:38:13) | WARNING: Intel GPU: Failed to initialize PMU

2025/04/11 (22:04:55) | ===> btop++ v.1.4.0
2025/04/11 (22:04:55) | WARNING: Intel GPU: Failed to initialize PMU
